<?xml version="1.0" encoding="UTF-8"?>
<!-- Generated by org.testng.reporters.JUnitReportReporter -->
<testsuite hostname="DESKTOP-6MLC63T" failures="0" tests="4" name="sms_practice.SampleDataProvider" time="0.063" errors="0" timestamp="2023-07-12T23:34:35 IST" skipped="0">
  <testcase classname="sms_practice.SampleDataProvider" name="bookTickets" time="0.006"/>
  <system-out/>
  <testcase classname="sms_practice.SampleDataProvider" name="bookTickets" time="0.046"/>
  <system-out/>
  <testcase classname="sms_practice.SampleDataProvider" name="bookTickets" time="0.005"/>
  <system-out/>
  <testcase classname="sms_practice.SampleDataProvider" name="bookTickets" time="0.006"/>
  <system-out/>
</testsuite> <!-- sms_practice.SampleDataProvider -->
