<?xml version="1.0" encoding="UTF-8"?>
<!-- Generated by org.testng.reporters.JUnitReportReporter -->
<testsuite hostname="DESKTOP-6MLC63T" failures="0" tests="2" name="sms_test.CreateExamTest" time="22.306" errors="0" timestamp="2023-07-13T17:58:13 IST" skipped="0">
  <testcase classname="sms_test.CreateExamTest" name="editExam" time="6.906"/>
  <system-out>
    <![CDATA[Edit Exam is done]]>
  </system-out>
  <testcase classname="sms_test.CreateExamTest" name="createExam" time="15.400"/>
  <system-out>
    <![CDATA[AnnualExam_659 is Created and verified]]>
  </system-out>
</testsuite> <!-- sms_test.CreateExamTest -->
